02.04.2019 13:48:06	Этот журнал содержит сведения об операции импорта схемы в проект "Autopark Database" на компьютере "PC-LITE", выполненной пользователем "User".
02.04.2019 13:48:06	Импорт схемы базы данных начат.
02.04.2019 13:48:18	Идет сбор параметров базы данных
02.04.2019 13:48:18	Идет сбор пользователей
02.04.2019 13:48:18	Идет сбор ролей
02.04.2019 13:48:18	Идет сбор ролей приложений
02.04.2019 13:48:18	Идет сбор членств ролей
02.04.2019 13:48:18	Идет сбор файловых групп
02.04.2019 13:48:18	Идет сбор полнотекстовых каталогов
02.04.2019 13:48:18	Идет сбор сборок
02.04.2019 13:48:18	Идет сбор сертификатов
02.04.2019 13:48:18	Идет сбор асимметричных ключей
02.04.2019 13:48:18	Идет сбор симметричных ключей
02.04.2019 13:48:18	Идет сбор зашифрованных симметричных ключей
02.04.2019 13:48:18	Идет сбор схем
02.04.2019 13:48:19	Идет сбор коллекции схем XML
02.04.2019 13:48:19	Идет сбор определяемых пользователем типов данных
02.04.2019 13:48:19	Идет сбор определяемых пользователем типов
02.04.2019 13:48:19	Идет сбор табличных типов
02.04.2019 13:48:19	Сбор уникальных ключей для табличных типов
02.04.2019 13:48:19	Идет сбор первичных ключей для табличных типов
02.04.2019 13:48:19	Сбор индексов для табличных типов
02.04.2019 13:48:19	Идет сбор проверочных ограничений для табличных типов
02.04.2019 13:48:19	Идет сбор ограничений по умолчанию для табличных типов
02.04.2019 13:48:19	Идет сбор функций секционирования
02.04.2019 13:48:19	Идет сбор схем секционирования
02.04.2019 13:48:19	Идет сбор функций
02.04.2019 13:48:19	Сбор зашифрованных функций
02.04.2019 13:48:19	Идет сбор статистических выражений
02.04.2019 13:48:19	Идет сбор процедур
02.04.2019 13:48:20	Сбор зашифрованных процедур
02.04.2019 13:48:20	Идет сбор таблиц
02.04.2019 13:48:20	Идет сбор первичных ключей
02.04.2019 13:48:20	Идет сбор ограничений уникальности
02.04.2019 13:48:20	Идет сбор внешних ключей
02.04.2019 13:48:20	Идет сбор ограничений по умолчанию
02.04.2019 13:48:20	Идет сбор проверочных ограничений
02.04.2019 13:48:20	Идет сбор представлений
02.04.2019 13:48:20	Сбор зашифрованных представлений
02.04.2019 13:48:20	Идет сбор индексов
02.04.2019 13:48:20	Идет сбор статистики
02.04.2019 13:48:20	Идет сбор списков стоп-слов полнотекстовых индексов
02.04.2019 13:48:20	Сбор списков свойств поиска
02.04.2019 13:48:20	Сбор свойств поиска
02.04.2019 13:48:20	Идет сбор полнотекстовых индексов
02.04.2019 13:48:20	Сбор индексов хранилища столбцов
02.04.2019 13:48:20	Идет сбор пространственных индексов
02.04.2019 13:48:20	Идет сбор XML-индексов
02.04.2019 13:48:20	Сбор селективных XML-индексов
02.04.2019 13:48:20	Сбор зашифрованных триггеров
02.04.2019 13:48:20	Идет сбор триггеров
02.04.2019 13:48:20	Идет сбор зашифрованных триггеров и триггеров ddl clr
02.04.2019 13:48:20	Идет сбор триггеров ddl
02.04.2019 13:48:20	Идет сбор синонимов
02.04.2019 13:48:20	Идет сбор значений по умолчанию
02.04.2019 13:48:20	Идет сбор привязок uddt ограничений данных
02.04.2019 13:48:20	Идет сбор правил
02.04.2019 13:48:20	Идет сбор привязок uddt ограничений данных
02.04.2019 13:48:20	Идет сбор типов сообщений
02.04.2019 13:48:20	Идет сбор списков ожидания
02.04.2019 13:48:20	Идет сбор контрактов
02.04.2019 13:48:20	Идет сбор служб
02.04.2019 13:48:20	Идет сбор уведомлений о событиях
02.04.2019 13:48:20	Идет сбор привязок удаленных служб
02.04.2019 13:48:20	Идет сбор приоритетов брокера
02.04.2019 13:48:20	Идет сбор подписей
02.04.2019 13:48:20	Идет сбор параметров сжатия данных
02.04.2019 13:48:20	Сбор типов последовательностей
02.04.2019 13:48:20	Сбор разрешений базы данных
02.04.2019 13:48:20	Идет сбор расширенных свойств
02.04.2019 13:48:20	Идет сбор учетных данных
02.04.2019 13:48:20	Идет сбор имен входа
02.04.2019 13:48:20	Идет сбор аудитов сервера
02.04.2019 13:48:23	Выполняется проверка проекта на наличие повторяющихся элементов
02.04.2019 13:48:23	Обработка повторяющегося элемента завершена
02.04.2019 13:48:24	Импорт базы данных завершен.
02.04.2019 13:48:24	summary операции импорта была сохранена по следующему пути: Y:\Visual Studio Projects\Autopark\Autopark Database\Журналы импорта схем\Autopark Database_20190402104806.log
02.04.2019 13:48:24	Для продолжения нажмите кнопку ''Готово''...
